<?xml version="1.0" encoding="UTF-8"?>
<!-- Generated by org.testng.reporters.JUnitReportReporter -->
<testsuite hostname="soc-PF2P9XM1" failures="0" tests="1" name="day6.JsonXMLSchemaValidator" time="2.777" errors="0" timestamp="2024-08-06T22:30:46 IST" skipped="0">
  <testcase classname="day6.JsonXMLSchemaValidator" name="testJsonSchema" time="2.777"/>
</testsuite> <!-- day6.JsonXMLSchemaValidator -->
