<?xml version="1.0" encoding="UTF-8"?>
<!-- Generated by org.testng.reporters.JUnitReportReporter -->
<testsuite hostname="soc-PF2P9XM1" failures="0" tests="1" name="day7.Authentication" time="2.512" errors="0" timestamp="2024-08-10T17:59:29 IST" skipped="0">
  <testcase classname="day7.Authentication" name="OAuth2Authenitcation" time="2.512"/>
</testsuite> <!-- day7.Authentication -->
