<?xml version="1.0" encoding="UTF-8"?>
<!-- Generated by org.testng.reporters.JUnitReportReporter -->
<testsuite hostname="soc-PF2P9XM1" failures="0" tests="1" name="day3.testQueryAndPathParameters" time="1.992" errors="0" timestamp="2024-08-04T18:58:04 IST" skipped="0">
  <testcase classname="day3.testQueryAndPathParameters" name="queryAndPathParams" time="1.992"/>
</testsuite> <!-- day3.testQueryAndPathParameters -->
