<?xml version="1.0" encoding="UTF-8"?>
<!-- Generated by org.testng.reporters.JUnitReportReporter -->
<testsuite hostname="soc-PF2P9XM1" failures="0" tests="4" name="day1.HTTPRequests" time="9.028" errors="0" timestamp="2024-08-04T13:18:46 IST" skipped="0">
  <testcase classname="day1.HTTPRequests" name="getUsers" time="5.160"/>
  <testcase classname="day1.HTTPRequests" name="createUser" time="2.272"/>
  <testcase classname="day1.HTTPRequests" name="updateUser" time="0.987"/>
  <testcase classname="day1.HTTPRequests" name="deleteUser" time="0.609"/>
</testsuite> <!-- day1.HTTPRequests -->
