<?xml version="1.0" encoding="UTF-8"?>
<!-- Generated by org.testng.reporters.JUnitReportReporter -->
<testsuite hostname="soc-PF2P9XM1" failures="0" tests="1" name="day6.XMLSchemaValidator" time="3.161" errors="0" timestamp="2024-08-06T22:55:04 IST" skipped="0">
  <testcase classname="day6.XMLSchemaValidator" name="smlSchemaValidation" time="3.161"/>
</testsuite> <!-- day6.XMLSchemaValidator -->
