<?xml version="1.0" encoding="UTF-8"?>
<!-- Generated by org.testng.reporters.JUnitReportReporter -->
<testsuite hostname="soc-PF2P9XM1" failures="0" tests="2" name="Practice.practice" time="3.406" errors="0" timestamp="2024-08-09T18:02:27 IST" skipped="0">
  <testcase classname="Practice.practice" name="parsingXML" time="2.978"/>
  <testcase classname="Practice.practice" name="parsingXMLMethod2" time="0.428"/>
</testsuite> <!-- Practice.practice -->
