<?xml version="1.0" encoding="UTF-8"?>
<!-- Generated by org.testng.reporters.JUnitReportReporter -->
<testsuite hostname="soc-PF2P9XM1" failures="0" tests="1" name="day3.CookiesDemo" time="4.688" errors="0" timestamp="2024-08-04T19:50:14 IST" skipped="0">
  <testcase classname="day3.CookiesDemo" name="getCookiesInfo" time="4.688"/>
</testsuite> <!-- day3.CookiesDemo -->
