<?xml version="1.0" encoding="UTF-8"?>
<!-- Generated by org.testng.reporters.JUnitReportReporter -->
<testsuite hostname="soc-PF2P9XM1" failures="0" tests="1" name="day7.FakerDataGenerator" time="0.243" errors="0" timestamp="2024-08-10T18:43:47 IST" skipped="0">
  <testcase classname="day7.FakerDataGenerator" name="testGeneratorDummyData" time="0.243"/>
</testsuite> <!-- day7.FakerDataGenerator -->
