<?xml version="1.0" encoding="UTF-8"?>
<!-- Generated by org.testng.reporters.JUnitReportReporter -->
<testsuite hostname="soc-PF2P9XM1" failures="0" tests="1" name="day3.headersDemo" time="3.115" errors="0" timestamp="2024-08-04T20:21:27 IST" skipped="0">
  <testcase classname="day3.headersDemo" name="getHeaderData" time="3.115"/>
</testsuite> <!-- day3.headersDemo -->
